TN:
SF:controller\TodoController.js
FN:4,<instance_members_initializer>
FN:4,getTodoList
FN:13,add
FN:22,update
FN:33,remove
FN:42,getById
FNF:6
FNH:6
FNDA:1,<instance_members_initializer>
FNDA:1,getTodoList
FNDA:1,add
FNDA:1,update
FNDA:1,remove
FNDA:1,getById
DA:1,1
DA:2,1
DA:3,1
DA:4,1
DA:5,1
DA:6,1
DA:7,1
DA:8,1
DA:9,0
DA:10,0
DA:11,1
DA:12,1
DA:13,1
DA:14,1
DA:15,1
DA:16,1
DA:17,1
DA:18,0
DA:19,0
DA:20,1
DA:21,1
DA:22,1
DA:23,1
DA:24,1
DA:25,1
DA:26,1
DA:27,1
DA:28,1
DA:29,0
DA:30,0
DA:31,1
DA:32,1
DA:33,1
DA:34,1
DA:35,1
DA:36,1
DA:37,1
DA:38,1
DA:39,0
DA:40,0
DA:41,1
DA:42,1
DA:43,1
DA:44,1
DA:45,1
DA:46,1
DA:47,1
DA:48,0
DA:49,0
DA:50,1
DA:51,1
DA:52,1
DA:53,1
LF:53
LH:43
BRDA:4,0,0,1
BRDA:4,1,0,1
BRDA:8,2,0,0
BRDA:13,3,0,1
BRDA:17,4,0,0
BRDA:22,5,0,1
BRDA:28,6,0,0
BRDA:33,7,0,1
BRDA:38,8,0,0
BRDA:42,9,0,1
BRDA:47,10,0,0
BRF:11
BRH:6
end_of_record
TN:
SF:models\todo.js
FNF:0
FNH:0
DA:1,1
DA:2,1
DA:3,1
DA:4,1
DA:5,1
DA:6,1
DA:7,1
DA:8,1
DA:9,1
DA:10,1
DA:11,1
DA:12,1
DA:13,1
DA:14,1
DA:15,1
DA:16,1
DA:17,1
DA:18,1
DA:19,1
DA:20,1
DA:21,1
DA:22,1
DA:23,1
DA:24,1
LF:24
LH:24
BRF:0
BRH:0
end_of_record
TN:
SF:services\TodoServices.js
FN:5,TodoService
FN:7,get
FN:11,<instance_members_initializer>
FN:11,create
FN:15,update
FN:26,remove
FN:32,getById
FNF:7
FNH:2
FNDA:1,TodoService
FNDA:0,get
FNDA:1,<instance_members_initializer>
FNDA:0,create
FNDA:0,update
FNDA:0,remove
FNDA:0,getById
DA:1,1
DA:2,1
DA:3,1
DA:4,1
DA:5,1
DA:6,1
DA:7,1
DA:8,0
DA:9,0
DA:10,1
DA:11,1
DA:12,0
DA:13,1
DA:14,1
DA:15,1
DA:16,0
DA:17,0
DA:18,0
DA:19,0
DA:20,0
DA:21,0
DA:22,0
DA:23,0
DA:24,1
DA:25,1
DA:26,1
DA:27,0
DA:28,0
DA:29,0
DA:30,1
DA:31,1
DA:32,1
DA:33,0
DA:34,1
DA:35,1
DA:36,1
DA:37,1
LF:37
LH:22
BRDA:5,0,0,1
BRDA:11,1,0,1
BRF:2
BRH:2
end_of_record
